2024-05-22 09:15:58 INFO  Starting TopUpDemoAppApplication using Java 17.0.9 on DESKTOP-D8L7RT5 with PID 31472 (D:\work-space\Centroxy-WS02\TopUpDemoApp\target\classes started by PRAVAT KUMAR SAMAL in D:\work-space\Centroxy-WS02\TopUpDemoApp)
2024-05-22 09:15:58 INFO  No active profile set, falling back to 1 default profile: "default"
2024-05-22 09:15:59 INFO  Bootstrapping Spring Data Aerospike repositories in DEFAULT mode.
2024-05-22 09:15:59 INFO  Finished Spring Data repository scanning in 40 ms. Found 1 Aerospike repository interfaces.
2024-05-22 09:15:59 INFO  Tomcat initialized with port(s): 9090 (http)
2024-05-22 09:15:59 INFO  Initializing ProtocolHandler ["http-nio-9090"]
2024-05-22 09:15:59 INFO  Starting service [Tomcat]
2024-05-22 09:15:59 INFO  Starting Servlet engine: [Apache Tomcat/9.0.76]
2024-05-22 09:15:59 INFO  Initializing Spring embedded WebApplicationContext
2024-05-22 09:15:59 INFO  Root WebApplicationContext: initialization completed in 1297 ms
2024-05-22 09:16:14 INFO  Starting ProtocolHandler ["http-nio-9090"]
2024-05-22 09:16:14 INFO  Tomcat started on port(s): 9090 (http) with context path '/prepaid-service-manager/api/v1'
2024-05-22 09:16:14 INFO  Started TopUpDemoAppApplication in 15.982 seconds (JVM running for 17.074)
2024-05-22 09:16:18 INFO  Initializing Spring DispatcherServlet 'dispatcherServlet'
2024-05-22 09:16:18 INFO  Initializing Servlet 'dispatcherServlet'
2024-05-22 09:16:18 INFO  Completed initialization in 2 ms
2024-05-22 09:17:37 INFO  Remove node A1 3.82.188.109 3000
2024-05-22 09:17:43 INFO  Starting TopUpDemoAppApplication using Java 17.0.9 on DESKTOP-D8L7RT5 with PID 20116 (D:\work-space\Centroxy-WS02\TopUpDemoApp\target\classes started by PRAVAT KUMAR SAMAL in D:\work-space\Centroxy-WS02\TopUpDemoApp)
2024-05-22 09:17:43 INFO  No active profile set, falling back to 1 default profile: "default"
2024-05-22 09:17:43 INFO  Bootstrapping Spring Data Aerospike repositories in DEFAULT mode.
2024-05-22 09:17:43 INFO  Finished Spring Data repository scanning in 38 ms. Found 1 Aerospike repository interfaces.
2024-05-22 09:17:44 INFO  Tomcat initialized with port(s): 9090 (http)
2024-05-22 09:17:44 INFO  Initializing ProtocolHandler ["http-nio-9090"]
2024-05-22 09:17:44 INFO  Starting service [Tomcat]
2024-05-22 09:17:44 INFO  Starting Servlet engine: [Apache Tomcat/9.0.76]
2024-05-22 09:17:44 INFO  Initializing Spring embedded WebApplicationContext
2024-05-22 09:17:44 INFO  Root WebApplicationContext: initialization completed in 1314 ms
2024-05-22 09:17:58 INFO  Starting ProtocolHandler ["http-nio-9090"]
2024-05-22 09:17:58 INFO  Tomcat started on port(s): 9090 (http) with context path '/prepaid-service-manager/api/v1'
2024-05-22 09:17:58 INFO  Started TopUpDemoAppApplication in 15.83 seconds (JVM running for 16.858)
2024-05-22 09:17:59 INFO  Initializing Spring DispatcherServlet 'dispatcherServlet'
2024-05-22 09:17:59 INFO  Initializing Servlet 'dispatcherServlet'
2024-05-22 09:17:59 INFO  Completed initialization in 2 ms
2024-05-22 09:19:51 INFO  Starting TopUpDemoAppApplication using Java 17.0.9 on DESKTOP-D8L7RT5 with PID 16128 (D:\work-space\Centroxy-WS02\TopUpDemoApp\target\classes started by PRAVAT KUMAR SAMAL in D:\work-space\Centroxy-WS02\TopUpDemoApp)
2024-05-22 09:19:51 INFO  No active profile set, falling back to 1 default profile: "default"
2024-05-22 09:19:51 INFO  Bootstrapping Spring Data Aerospike repositories in DEFAULT mode.
2024-05-22 09:19:51 INFO  Finished Spring Data repository scanning in 40 ms. Found 1 Aerospike repository interfaces.
2024-05-22 09:19:52 INFO  Tomcat initialized with port(s): 9090 (http)
2024-05-22 09:19:52 INFO  Initializing ProtocolHandler ["http-nio-9090"]
2024-05-22 09:19:52 INFO  Starting service [Tomcat]
2024-05-22 09:19:52 INFO  Starting Servlet engine: [Apache Tomcat/9.0.76]
2024-05-22 09:19:52 INFO  Initializing Spring embedded WebApplicationContext
2024-05-22 09:19:52 INFO  Root WebApplicationContext: initialization completed in 1461 ms
2024-05-22 09:20:06 INFO  Starting ProtocolHandler ["http-nio-9090"]
2024-05-22 09:20:06 INFO  Tomcat started on port(s): 9090 (http) with context path '/prepaid-service-manager/api/v1'
2024-05-22 09:20:06 INFO  Started TopUpDemoAppApplication in 15.787 seconds (JVM running for 16.757)
2024-05-22 09:20:07 INFO  Initializing Spring DispatcherServlet 'dispatcherServlet'
2024-05-22 09:20:07 INFO  Initializing Servlet 'dispatcherServlet'
2024-05-22 09:20:07 INFO  Completed initialization in 3 ms
