2024-06-27 12:26:40 INFO  Starting TopUpDemoAppApplication using Java 17.0.9 on DESKTOP-D8L7RT5 with PID 16732 (D:\work-space\Centroxy-WS02\TopUpDemoApp\target\classes started by PRAVAT KUMAR SAMAL in D:\work-space\Centroxy-WS02\TopUpDemoApp)
2024-06-27 12:26:40 INFO  No active profile set, falling back to 1 default profile: "default"
2024-06-27 12:26:40 INFO  Bootstrapping Spring Data Aerospike repositories in DEFAULT mode.
2024-06-27 12:26:40 INFO  Finished Spring Data repository scanning in 20 ms. Found 3 Aerospike repository interfaces.
2024-06-27 12:26:41 INFO  Tomcat initialized with port(s): 9090 (http)
2024-06-27 12:26:41 INFO  Initializing ProtocolHandler ["http-nio-9090"]
2024-06-27 12:26:41 INFO  Starting service [Tomcat]
2024-06-27 12:26:41 INFO  Starting Servlet engine: [Apache Tomcat/9.0.76]
2024-06-27 12:26:41 INFO  Initializing Spring embedded WebApplicationContext
2024-06-27 12:26:41 INFO  Root WebApplicationContext: initialization completed in 677 ms
2024-06-27 12:26:53 INFO  Starting ProtocolHandler ["http-nio-9090"]
2024-06-27 12:26:53 INFO  Tomcat started on port(s): 9090 (http) with context path '/prepaid-service-manager/api/v1'
2024-06-27 12:26:53 INFO  Started TopUpDemoAppApplication in 13.357 seconds (JVM running for 13.872)
2024-06-27 12:27:01 INFO  Initializing Spring DispatcherServlet 'dispatcherServlet'
2024-06-27 12:27:01 INFO  Initializing Servlet 'dispatcherServlet'
2024-06-27 12:27:01 INFO  Completed initialization in 1 ms
2024-06-27 12:27:01 INFO  TopupController: persistProductCTS: initiated at: 2024-06-27T12:27:01.843851400
2024-06-27 12:27:01 INFO  TopupController:persistProductCTS:Init...
2024-06-27 12:27:01 INFO  TopupServiceImpl:persistProductCTS:Init...
2024-06-27 12:27:02 ERROR TopupServiceImpl:storeDataFromExcelToDatabase:Error reading file...
2024-06-27 12:28:46 INFO  Remove node A1 3.83.162.143 3000
2024-06-27 12:28:49 INFO  Starting TopUpDemoAppApplication using Java 17.0.9 on DESKTOP-D8L7RT5 with PID 21852 (D:\work-space\Centroxy-WS02\TopUpDemoApp\target\classes started by PRAVAT KUMAR SAMAL in D:\work-space\Centroxy-WS02\TopUpDemoApp)
2024-06-27 12:28:49 INFO  No active profile set, falling back to 1 default profile: "default"
2024-06-27 12:28:49 INFO  Bootstrapping Spring Data Aerospike repositories in DEFAULT mode.
2024-06-27 12:28:49 INFO  Finished Spring Data repository scanning in 19 ms. Found 3 Aerospike repository interfaces.
2024-06-27 12:28:50 INFO  Tomcat initialized with port(s): 9090 (http)
2024-06-27 12:28:50 INFO  Initializing ProtocolHandler ["http-nio-9090"]
2024-06-27 12:28:50 INFO  Starting service [Tomcat]
2024-06-27 12:28:50 INFO  Starting Servlet engine: [Apache Tomcat/9.0.76]
2024-06-27 12:28:50 INFO  Initializing Spring embedded WebApplicationContext
2024-06-27 12:28:50 INFO  Root WebApplicationContext: initialization completed in 645 ms
2024-06-27 12:29:02 INFO  Starting ProtocolHandler ["http-nio-9090"]
2024-06-27 12:29:02 INFO  Tomcat started on port(s): 9090 (http) with context path '/prepaid-service-manager/api/v1'
2024-06-27 12:29:02 INFO  Started TopUpDemoAppApplication in 13.319 seconds (JVM running for 13.816)
2024-06-27 12:29:02 INFO  Initializing Spring DispatcherServlet 'dispatcherServlet'
2024-06-27 12:29:02 INFO  Initializing Servlet 'dispatcherServlet'
2024-06-27 12:29:02 INFO  Completed initialization in 1 ms
2024-06-27 12:29:02 INFO  TopupController: persistProductCTS: initiated at: 2024-06-27T12:29:02.605190400
2024-06-27 12:29:02 INFO  TopupController:persistProductCTS:Init...
2024-06-27 12:29:02 INFO  TopupServiceImpl:persistProductCTS:Init...
2024-06-27 12:29:03 ERROR TopupServiceImpl:storeDataFromExcelToDatabase:Error reading file...
2024-06-27 12:39:46 INFO  Starting TopUpDemoAppApplication using Java 17.0.9 on DESKTOP-D8L7RT5 with PID 10764 (D:\work-space\Centroxy-WS02\TopUpDemoApp\target\classes started by PRAVAT KUMAR SAMAL in D:\work-space\Centroxy-WS02\TopUpDemoApp)
2024-06-27 12:39:46 INFO  No active profile set, falling back to 1 default profile: "default"
2024-06-27 12:39:47 INFO  Bootstrapping Spring Data Aerospike repositories in DEFAULT mode.
2024-06-27 12:39:47 INFO  Finished Spring Data repository scanning in 17 ms. Found 3 Aerospike repository interfaces.
2024-06-27 12:39:47 INFO  Tomcat initialized with port(s): 9090 (http)
2024-06-27 12:39:47 INFO  Initializing ProtocolHandler ["http-nio-9090"]
2024-06-27 12:39:47 INFO  Starting service [Tomcat]
2024-06-27 12:39:47 INFO  Starting Servlet engine: [Apache Tomcat/9.0.76]
2024-06-27 12:39:47 INFO  Initializing Spring embedded WebApplicationContext
2024-06-27 12:39:47 INFO  Root WebApplicationContext: initialization completed in 640 ms
2024-06-27 12:39:59 INFO  Starting ProtocolHandler ["http-nio-9090"]
2024-06-27 12:39:59 INFO  Tomcat started on port(s): 9090 (http) with context path '/prepaid-service-manager/api/v1'
2024-06-27 12:39:59 INFO  Started TopUpDemoAppApplication in 13.232 seconds (JVM running for 13.729)
2024-06-27 12:40:07 INFO  Initializing Spring DispatcherServlet 'dispatcherServlet'
2024-06-27 12:40:07 INFO  Initializing Servlet 'dispatcherServlet'
2024-06-27 12:40:07 INFO  Completed initialization in 0 ms
2024-06-27 12:40:07 INFO  TopupController: persistProductCTS: initiated at: 2024-06-27T12:40:07.360114400
2024-06-27 12:40:07 INFO  TopupController:persistProductCTS:Init...
2024-06-27 12:40:07 INFO  TopupServiceImpl:persistProductCTS:Init...
2024-06-27 12:40:07 ERROR TopupServiceImpl:storeDataFromExcelToDatabase:Error reading file...
2024-06-27 12:41:01 INFO  Starting TopUpDemoAppApplication using Java 17.0.9 on DESKTOP-D8L7RT5 with PID 2740 (D:\work-space\Centroxy-WS02\TopUpDemoApp\target\classes started by PRAVAT KUMAR SAMAL in D:\work-space\Centroxy-WS02\TopUpDemoApp)
2024-06-27 12:41:01 INFO  No active profile set, falling back to 1 default profile: "default"
2024-06-27 12:41:01 INFO  Bootstrapping Spring Data Aerospike repositories in DEFAULT mode.
2024-06-27 12:41:01 INFO  Finished Spring Data repository scanning in 17 ms. Found 3 Aerospike repository interfaces.
2024-06-27 12:41:02 INFO  Tomcat initialized with port(s): 9090 (http)
2024-06-27 12:41:02 INFO  Initializing ProtocolHandler ["http-nio-9090"]
2024-06-27 12:41:02 INFO  Starting service [Tomcat]
2024-06-27 12:41:02 INFO  Starting Servlet engine: [Apache Tomcat/9.0.76]
2024-06-27 12:41:02 INFO  Initializing Spring embedded WebApplicationContext
2024-06-27 12:41:02 INFO  Root WebApplicationContext: initialization completed in 627 ms
2024-06-27 12:41:14 INFO  Starting ProtocolHandler ["http-nio-9090"]
2024-06-27 12:41:14 INFO  Tomcat started on port(s): 9090 (http) with context path '/prepaid-service-manager/api/v1'
2024-06-27 12:41:14 INFO  Started TopUpDemoAppApplication in 13.276 seconds (JVM running for 13.794)
2024-06-27 12:41:22 INFO  Initializing Spring DispatcherServlet 'dispatcherServlet'
2024-06-27 12:41:22 INFO  Initializing Servlet 'dispatcherServlet'
2024-06-27 12:41:22 INFO  Completed initialization in 1 ms
2024-06-27 12:41:22 INFO  TopupController: persistProductCTS: initiated at: 2024-06-27T12:41:22.491307100
2024-06-27 12:41:22 INFO  TopupController:persistProductCTS:Init...
2024-06-27 12:41:22 INFO  TopupServiceImpl:persistProductCTS:Init...
2024-06-27 12:41:22 ERROR TopupServiceImpl:storeDataFromExcelToDatabase:Error reading file...
2024-06-27 12:44:11 INFO  Starting TopUpDemoAppApplication using Java 17.0.9 on DESKTOP-D8L7RT5 with PID 3800 (D:\work-space\Centroxy-WS02\TopUpDemoApp\target\classes started by PRAVAT KUMAR SAMAL in D:\work-space\Centroxy-WS02\TopUpDemoApp)
2024-06-27 12:44:11 INFO  No active profile set, falling back to 1 default profile: "default"
2024-06-27 12:44:12 INFO  Bootstrapping Spring Data Aerospike repositories in DEFAULT mode.
2024-06-27 12:44:12 INFO  Finished Spring Data repository scanning in 18 ms. Found 3 Aerospike repository interfaces.
2024-06-27 12:44:12 INFO  Tomcat initialized with port(s): 9090 (http)
2024-06-27 12:44:12 INFO  Initializing ProtocolHandler ["http-nio-9090"]
2024-06-27 12:44:12 INFO  Starting service [Tomcat]
2024-06-27 12:44:12 INFO  Starting Servlet engine: [Apache Tomcat/9.0.76]
2024-06-27 12:44:12 INFO  Initializing Spring embedded WebApplicationContext
2024-06-27 12:44:12 INFO  Root WebApplicationContext: initialization completed in 626 ms
2024-06-27 12:44:24 INFO  Starting ProtocolHandler ["http-nio-9090"]
2024-06-27 12:44:24 INFO  Tomcat started on port(s): 9090 (http) with context path '/prepaid-service-manager/api/v1'
2024-06-27 12:44:24 INFO  Started TopUpDemoAppApplication in 13.256 seconds (JVM running for 13.758)
2024-06-27 12:44:31 INFO  Initializing Spring DispatcherServlet 'dispatcherServlet'
2024-06-27 12:44:31 INFO  Initializing Servlet 'dispatcherServlet'
2024-06-27 12:44:31 INFO  Completed initialization in 1 ms
2024-06-27 12:44:31 INFO  TopupController: persistProductCTS: initiated at: 2024-06-27T12:44:31.131783
2024-06-27 12:44:31 INFO  TopupController:persistProductCTS:Init...
2024-06-27 12:44:31 INFO  TopupServiceImpl:persistProductCTS:Init...
2024-06-27 12:44:31 ERROR TopupServiceImpl:storeDataFromExcelToDatabase:Error reading file...
2024-06-27 12:48:13 INFO  Starting TopUpDemoAppApplication using Java 17.0.9 on DESKTOP-D8L7RT5 with PID 4752 (D:\work-space\Centroxy-WS02\TopUpDemoApp\target\classes started by PRAVAT KUMAR SAMAL in D:\work-space\Centroxy-WS02\TopUpDemoApp)
2024-06-27 12:48:13 INFO  No active profile set, falling back to 1 default profile: "default"
2024-06-27 12:48:13 INFO  Bootstrapping Spring Data Aerospike repositories in DEFAULT mode.
2024-06-27 12:48:13 INFO  Finished Spring Data repository scanning in 20 ms. Found 3 Aerospike repository interfaces.
2024-06-27 12:48:13 INFO  Tomcat initialized with port(s): 9090 (http)
2024-06-27 12:48:13 INFO  Initializing ProtocolHandler ["http-nio-9090"]
2024-06-27 12:48:13 INFO  Starting service [Tomcat]
2024-06-27 12:48:13 INFO  Starting Servlet engine: [Apache Tomcat/9.0.76]
2024-06-27 12:48:13 INFO  Initializing Spring embedded WebApplicationContext
2024-06-27 12:48:13 INFO  Root WebApplicationContext: initialization completed in 671 ms
2024-06-27 12:48:26 INFO  Starting ProtocolHandler ["http-nio-9090"]
2024-06-27 12:48:26 INFO  Tomcat started on port(s): 9090 (http) with context path '/prepaid-service-manager/api/v1'
2024-06-27 12:48:26 INFO  Started TopUpDemoAppApplication in 13.31 seconds (JVM running for 13.821)
2024-06-27 12:48:37 INFO  Initializing Spring DispatcherServlet 'dispatcherServlet'
2024-06-27 12:48:37 INFO  Initializing Servlet 'dispatcherServlet'
2024-06-27 12:48:37 INFO  Completed initialization in 1 ms
2024-06-27 12:48:37 INFO  TopupController: persistProductCTS: initiated at: 2024-06-27T12:48:37.162538200
2024-06-27 12:48:37 INFO  TopupController:persistProductCTS:Init...
2024-06-27 12:48:37 INFO  TopupServiceImpl:persistProductCTS:Init...
2024-06-27 12:48:37 ERROR TopupServiceImpl:storeDataFromExcelToDatabase:Error reading file...
2024-06-27 12:53:56 INFO  Starting TopUpDemoAppApplication using Java 17.0.9 on DESKTOP-D8L7RT5 with PID 15820 (D:\work-space\Centroxy-WS02\TopUpDemoApp\target\classes started by PRAVAT KUMAR SAMAL in D:\work-space\Centroxy-WS02\TopUpDemoApp)
2024-06-27 12:53:56 INFO  No active profile set, falling back to 1 default profile: "default"
2024-06-27 12:53:56 INFO  Bootstrapping Spring Data Aerospike repositories in DEFAULT mode.
2024-06-27 12:53:56 INFO  Finished Spring Data repository scanning in 20 ms. Found 3 Aerospike repository interfaces.
2024-06-27 12:53:56 INFO  Tomcat initialized with port(s): 9090 (http)
2024-06-27 12:53:56 INFO  Initializing ProtocolHandler ["http-nio-9090"]
2024-06-27 12:53:56 INFO  Starting service [Tomcat]
2024-06-27 12:53:56 INFO  Starting Servlet engine: [Apache Tomcat/9.0.76]
2024-06-27 12:53:56 INFO  Initializing Spring embedded WebApplicationContext
2024-06-27 12:53:56 INFO  Root WebApplicationContext: initialization completed in 646 ms
2024-06-27 12:54:10 INFO  Starting ProtocolHandler ["http-nio-9090"]
2024-06-27 12:54:10 INFO  Tomcat started on port(s): 9090 (http) with context path '/prepaid-service-manager/api/v1'
2024-06-27 12:54:10 INFO  Started TopUpDemoAppApplication in 14.311 seconds (JVM running for 14.825)
2024-06-27 12:54:10 INFO  Initializing Spring DispatcherServlet 'dispatcherServlet'
2024-06-27 12:54:10 INFO  Initializing Servlet 'dispatcherServlet'
2024-06-27 12:54:10 INFO  Completed initialization in 2 ms
2024-06-27 12:54:10 INFO  TopupController: persistProductCTS: initiated at: 2024-06-27T12:54:10.975669500
2024-06-27 12:54:10 INFO  TopupController:persistProductCTS:Init...
2024-06-27 12:54:10 INFO  TopupServiceImpl:persistProductCTS:Init...
2024-06-27 12:54:11 ERROR TopupServiceImpl:storeDataFromExcelToDatabase:Error reading file...
2024-06-27 12:57:11 INFO  Starting TopUpDemoAppApplication using Java 17.0.9 on DESKTOP-D8L7RT5 with PID 27788 (D:\work-space\Centroxy-WS02\TopUpDemoApp\target\classes started by PRAVAT KUMAR SAMAL in D:\work-space\Centroxy-WS02\TopUpDemoApp)
2024-06-27 12:57:11 INFO  No active profile set, falling back to 1 default profile: "default"
2024-06-27 12:57:11 INFO  Bootstrapping Spring Data Aerospike repositories in DEFAULT mode.
2024-06-27 12:57:11 INFO  Finished Spring Data repository scanning in 22 ms. Found 3 Aerospike repository interfaces.
2024-06-27 12:57:12 INFO  Tomcat initialized with port(s): 9090 (http)
2024-06-27 12:57:12 INFO  Initializing ProtocolHandler ["http-nio-9090"]
2024-06-27 12:57:12 INFO  Starting service [Tomcat]
2024-06-27 12:57:12 INFO  Starting Servlet engine: [Apache Tomcat/9.0.76]
2024-06-27 12:57:12 INFO  Initializing Spring embedded WebApplicationContext
2024-06-27 12:57:12 INFO  Root WebApplicationContext: initialization completed in 648 ms
2024-06-27 12:57:24 INFO  Starting ProtocolHandler ["http-nio-9090"]
2024-06-27 12:57:24 INFO  Tomcat started on port(s): 9090 (http) with context path '/prepaid-service-manager/api/v1'
2024-06-27 12:57:24 INFO  Started TopUpDemoAppApplication in 13.357 seconds (JVM running for 13.89)
2024-06-27 12:57:34 INFO  Initializing Spring DispatcherServlet 'dispatcherServlet'
2024-06-27 12:57:34 INFO  Initializing Servlet 'dispatcherServlet'
2024-06-27 12:57:34 INFO  Completed initialization in 1 ms
2024-06-27 12:57:34 INFO  TopupController: persistProductCTS: initiated at: 2024-06-27T12:57:34.723988600
2024-06-27 12:57:34 INFO  TopupController:persistProductCTS:Init...
2024-06-27 12:57:34 INFO  TopupServiceImpl:persistProductCTS:Init...
2024-06-27 12:57:35 ERROR TopupServiceImpl:storeDataFromExcelToDatabase:Error reading file...
